0 info it worked if it ends with ok
1 verbose cli [ '/Users/evelynglandry/.node/bin/node',
1 verbose cli   '/Users/evelynglandry/.node/bin/npm',
1 verbose cli   'install',
1 verbose cli   '--save-dev',
1 verbose cli   'mustache' ]
2 info using npm@1.4.28
3 info using node@v0.10.35
4 warn package.json Sinestrument1@0.0.1 No README data
5 verbose readDependencies using package.json deps
6 verbose cache add [ 'mustache', null ]
7 verbose cache add name=undefined spec="mustache" args=["mustache",null]
8 verbose parsed url { protocol: null,
8 verbose parsed url   slashes: null,
8 verbose parsed url   auth: null,
8 verbose parsed url   host: null,
8 verbose parsed url   port: null,
8 verbose parsed url   hostname: null,
8 verbose parsed url   hash: null,
8 verbose parsed url   search: null,
8 verbose parsed url   query: null,
8 verbose parsed url   pathname: 'mustache',
8 verbose parsed url   path: 'mustache',
8 verbose parsed url   href: 'mustache' }
9 silly lockFile e372423e-mustache mustache
10 verbose lock mustache /Users/evelynglandry/.npm/e372423e-mustache.lock
11 silly lockFile e372423e-mustache mustache
12 silly lockFile e372423e-mustache mustache
13 verbose addNamed [ 'mustache', '' ]
14 verbose addNamed [ null, '*' ]
15 silly lockFile 58264633-mustache mustache@
16 verbose lock mustache@ /Users/evelynglandry/.npm/58264633-mustache.lock
17 silly addNameRange { name: 'mustache', range: '*', hasData: false }
18 verbose request where is /mustache
19 verbose request registry https://registry.npmjs.org/
20 verbose request id bce18934a0e2b1cb
21 verbose url raw /mustache
22 verbose url resolving [ 'https://registry.npmjs.org/', './mustache' ]
23 verbose url resolved https://registry.npmjs.org/mustache
24 verbose request where is https://registry.npmjs.org/mustache
25 info trying registry request attempt 1 at 21:04:35
26 verbose etag "3MDVHN6O7UCJG8S409YLPLJ30"
27 http GET https://registry.npmjs.org/mustache
28 http 200 https://registry.npmjs.org/mustache
29 silly registry.get cb [ 200,
29 silly registry.get   { server: 'CouchDB/1.5.0 (Erlang OTP/R16B03)',
29 silly registry.get     etag: '"BC04UWI2HJRQUZ8HMDA02IHIG"',
29 silly registry.get     'content-type': 'application/json',
29 silly registry.get     'cache-control': 'max-age=60',
29 silly registry.get     'content-length': '39143',
29 silly registry.get     'accept-ranges': 'bytes',
29 silly registry.get     date: 'Sat, 11 Jul 2015 04:04:33 GMT',
29 silly registry.get     via: '1.1 varnish',
29 silly registry.get     age: '60',
29 silly registry.get     connection: 'keep-alive',
29 silly registry.get     'x-served-by': 'cache-sjc3125-SJC',
29 silly registry.get     'x-cache': 'HIT',
29 silly registry.get     'x-cache-hits': '1',
29 silly registry.get     'x-timer': 'S1436587473.005028,VS0,VE0',
29 silly registry.get     vary: 'Accept' } ]
30 silly addNameRange number 2 { name: 'mustache', range: '*', hasData: true }
31 silly addNameRange versions [ 'mustache',
31 silly addNameRange   [ '0.3.1-dev',
31 silly addNameRange     '0.4.0',
31 silly addNameRange     '0.5.1-dev',
31 silly addNameRange     '0.5.2',
31 silly addNameRange     '0.6.0',
31 silly addNameRange     '0.7.0',
31 silly addNameRange     '0.7.1',
31 silly addNameRange     '0.7.2',
31 silly addNameRange     '0.7.3',
31 silly addNameRange     '0.8.0',
31 silly addNameRange     '0.8.1',
31 silly addNameRange     '0.8.2',
31 silly addNameRange     '1.0.0',
31 silly addNameRange     '1.1.0',
31 silly addNameRange     '1.2.0',
31 silly addNameRange     '2.0.0',
31 silly addNameRange     '2.1.0',
31 silly addNameRange     '2.1.1',
31 silly addNameRange     '2.1.2' ] ]
32 verbose addNamed [ 'mustache', '2.1.2' ]
33 verbose addNamed [ '2.1.2', '2.1.2' ]
34 silly lockFile 459880ae-mustache-2-1-2 mustache@2.1.2
35 verbose lock mustache@2.1.2 /Users/evelynglandry/.npm/459880ae-mustache-2-1-2.lock
36 silly lockFile f6373a7b--org-mustache-mustache-2-1-2-tgz https://registry.npmjs.org/mustache/-/mustache-2.1.2.tgz
37 verbose lock https://registry.npmjs.org/mustache/-/mustache-2.1.2.tgz /Users/evelynglandry/.npm/f6373a7b--org-mustache-mustache-2-1-2-tgz.lock
38 verbose addRemoteTarball [ 'https://registry.npmjs.org/mustache/-/mustache-2.1.2.tgz',
38 verbose addRemoteTarball   'aff2960bc59720e4db7f6a7a758cae39994aab77' ]
39 info retry fetch attempt 1 at 21:04:35
40 verbose fetch to= /var/folders/5q/xgnxt85c8xj9280059bjyft00000gp/T/npm-4721-25SIUrRo/registry.npmjs.org/mustache/-/mustache-2.1.2.tgz
41 http GET https://registry.npmjs.org/mustache/-/mustache-2.1.2.tgz
42 http 200 https://registry.npmjs.org/mustache/-/mustache-2.1.2.tgz
43 silly lockFile f6373a7b--org-mustache-mustache-2-1-2-tgz https://registry.npmjs.org/mustache/-/mustache-2.1.2.tgz
44 silly lockFile f6373a7b--org-mustache-mustache-2-1-2-tgz https://registry.npmjs.org/mustache/-/mustache-2.1.2.tgz
45 silly lockFile 459880ae-mustache-2-1-2 mustache@2.1.2
46 silly lockFile 459880ae-mustache-2-1-2 mustache@2.1.2
47 silly lockFile 58264633-mustache mustache@
48 silly lockFile 58264633-mustache mustache@
49 error Error: EACCES, mkdir '/Users/evelynglandry/.npm/mustache/2.1.2'
49 error  { [Error: EACCES, mkdir '/Users/evelynglandry/.npm/mustache/2.1.2']
49 error   errno: 3,
49 error   code: 'EACCES',
49 error   path: '/Users/evelynglandry/.npm/mustache/2.1.2',
49 error   parent: 'Sinestrument1' }
50 error Please try running this command again as root/Administrator.
51 error System Darwin 11.4.2
52 error command "/Users/evelynglandry/.node/bin/node" "/Users/evelynglandry/.node/bin/npm" "install" "--save-dev" "mustache"
53 error cwd /Users/evelynglandry/Javascript/projects/Sinestrument1
54 error node -v v0.10.35
55 error npm -v 1.4.28
56 error path /Users/evelynglandry/.npm/mustache/2.1.2
57 error code EACCES
58 error errno 3
59 error stack Error: EACCES, mkdir '/Users/evelynglandry/.npm/mustache/2.1.2'
60 verbose exit [ 3, true ]
